<?xml version="1.0" encoding="UTF-8"?>
<testsuite xmlns:xsi="http://www.w3.org/2001/XMLSchema-instance" xsi:noNamespaceSchemaLocation="https://maven.apache.org/surefire/maven-surefire-plugin/xsd/surefire-test-report-3.0.xsd" version="3.0" name="org.ei.dataloading.cafe_download_lambda.AppTest" time="0.104" tests="1" errors="0" skipped="0" failures="0">
  <properties>
    <property name="sun.desktop" value="windows"/>
    <property name="awt.toolkit" value="sun.awt.windows.WToolkit"/>
    <property name="java.specification.version" value="11"/>
    <property name="sun.cpu.isalist" value="amd64"/>
    <property name="sun.jnu.encoding" value="Cp1252"/>
    <property name="java.class.path" value="C:\dl-openjdk11\EngineeringVillage\cafe-correction-lambda\target\test-classes;C:\dl-openjdk11\EngineeringVillage\cafe-correction-lambda\target\classes;C:\Users\telebh\.m2\repository\com\amazonaws\aws-java-sdk-sns\1.11.525\aws-java-sdk-sns-1.11.525.jar;C:\Users\telebh\.m2\repository\com\amazonaws\aws-java-sdk-sqs\1.11.525\aws-java-sdk-sqs-1.11.525.jar;C:\Users\telebh\.m2\repository\com\amazonaws\aws-java-sdk-core\1.11.525\aws-java-sdk-core-1.11.525.jar;C:\Users\telebh\.m2\repository\commons-logging\commons-logging\1.1.3\commons-logging-1.1.3.jar;C:\Users\telebh\.m2\repository\org\apache\httpcomponents\httpclient\4.5.5\httpclient-4.5.5.jar;C:\Users\telebh\.m2\repository\org\apache\httpcomponents\httpcore\4.4.9\httpcore-4.4.9.jar;C:\Users\telebh\.m2\repository\commons-codec\commons-codec\1.10\commons-codec-1.10.jar;C:\Users\telebh\.m2\repository\software\amazon\ion\ion-java\1.0.2\ion-java-1.0.2.jar;C:\Users\telebh\.m2\repository\com\fasterxml\jackson\core\jackson-databind\2.6.7.2\jackson-databind-2.6.7.2.jar;C:\Users\telebh\.m2\repository\com\fasterxml\jackson\core\jackson-annotations\2.6.0\jackson-annotations-2.6.0.jar;C:\Users\telebh\.m2\repository\com\fasterxml\jackson\core\jackson-core\2.6.7\jackson-core-2.6.7.jar;C:\Users\telebh\.m2\repository\com\fasterxml\jackson\dataformat\jackson-dataformat-cbor\2.6.7\jackson-dataformat-cbor-2.6.7.jar;C:\Users\telebh\.m2\repository\com\amazonaws\jmespath-java\1.11.525\jmespath-java-1.11.525.jar;C:\Users\telebh\.m2\repository\com\amazonaws\aws-java-sdk-lambda\1.11.525\aws-java-sdk-lambda-1.11.525.jar;C:\Users\telebh\.m2\repository\com\amazonaws\aws-lambda-java-core\1.2.0\aws-lambda-java-core-1.2.0.jar;C:\Users\telebh\.m2\repository\com\amazonaws\aws-lambda-java-events\2.2.2\aws-lambda-java-events-2.2.2.jar;C:\Users\telebh\.m2\repository\joda-time\joda-time\2.6\joda-time-2.6.jar;C:\Users\telebh\.m2\repository\junit\junit\4.12\junit-4.12.jar;C:\Users\telebh\.m2\repository\org\hamcrest\hamcrest-core\1.3\hamcrest-core-1.3.jar;C:\Users\telebh\.m2\repository\com\jcraft\jsch\0.1.53\jsch-0.1.53.jar;"/>
    <property name="java.vm.vendor" value="AdoptOpenJDK"/>
    <property name="sun.arch.data.model" value="64"/>
    <property name="user.variant" value=""/>
    <property name="java.vendor.url" value="https://adoptopenjdk.net/"/>
    <property name="user.timezone" value="America/New_York"/>
    <property name="java.vm.specification.version" value="11"/>
    <property name="os.name" value="Windows 10"/>
    <property name="sun.java.launcher" value="SUN_STANDARD"/>
    <property name="user.country" value="US"/>
    <property name="sun.boot.library.path" value="C:\jdk-11.0.1_13\bin"/>
    <property name="sun.java.command" value="C:\Users\telebh\AppData\Local\Temp\surefire14816965145490986344\surefirebooter7491175233183689504.jar C:\Users\telebh\AppData\Local\Temp\surefire14816965145490986344 2020-02-05T15-10-24_492-jvmRun1 surefire15982456769378714509tmp surefire_015556512077332511092tmp"/>
    <property name="jdk.debug" value="release"/>
    <property name="surefire.test.class.path" value="C:\dl-openjdk11\EngineeringVillage\cafe-correction-lambda\target\test-classes;C:\dl-openjdk11\EngineeringVillage\cafe-correction-lambda\target\classes;C:\Users\telebh\.m2\repository\com\amazonaws\aws-java-sdk-sns\1.11.525\aws-java-sdk-sns-1.11.525.jar;C:\Users\telebh\.m2\repository\com\amazonaws\aws-java-sdk-sqs\1.11.525\aws-java-sdk-sqs-1.11.525.jar;C:\Users\telebh\.m2\repository\com\amazonaws\aws-java-sdk-core\1.11.525\aws-java-sdk-core-1.11.525.jar;C:\Users\telebh\.m2\repository\commons-logging\commons-logging\1.1.3\commons-logging-1.1.3.jar;C:\Users\telebh\.m2\repository\org\apache\httpcomponents\httpclient\4.5.5\httpclient-4.5.5.jar;C:\Users\telebh\.m2\repository\org\apache\httpcomponents\httpcore\4.4.9\httpcore-4.4.9.jar;C:\Users\telebh\.m2\repository\commons-codec\commons-codec\1.10\commons-codec-1.10.jar;C:\Users\telebh\.m2\repository\software\amazon\ion\ion-java\1.0.2\ion-java-1.0.2.jar;C:\Users\telebh\.m2\repository\com\fasterxml\jackson\core\jackson-databind\2.6.7.2\jackson-databind-2.6.7.2.jar;C:\Users\telebh\.m2\repository\com\fasterxml\jackson\core\jackson-annotations\2.6.0\jackson-annotations-2.6.0.jar;C:\Users\telebh\.m2\repository\com\fasterxml\jackson\core\jackson-core\2.6.7\jackson-core-2.6.7.jar;C:\Users\telebh\.m2\repository\com\fasterxml\jackson\dataformat\jackson-dataformat-cbor\2.6.7\jackson-dataformat-cbor-2.6.7.jar;C:\Users\telebh\.m2\repository\com\amazonaws\jmespath-java\1.11.525\jmespath-java-1.11.525.jar;C:\Users\telebh\.m2\repository\com\amazonaws\aws-java-sdk-lambda\1.11.525\aws-java-sdk-lambda-1.11.525.jar;C:\Users\telebh\.m2\repository\com\amazonaws\aws-lambda-java-core\1.2.0\aws-lambda-java-core-1.2.0.jar;C:\Users\telebh\.m2\repository\com\amazonaws\aws-lambda-java-events\2.2.2\aws-lambda-java-events-2.2.2.jar;C:\Users\telebh\.m2\repository\joda-time\joda-time\2.6\joda-time-2.6.jar;C:\Users\telebh\.m2\repository\junit\junit\4.12\junit-4.12.jar;C:\Users\telebh\.m2\repository\org\hamcrest\hamcrest-core\1.3\hamcrest-core-1.3.jar;C:\Users\telebh\.m2\repository\com\jcraft\jsch\0.1.53\jsch-0.1.53.jar;"/>
    <property name="sun.cpu.endian" value="little"/>
    <property name="user.home" value="C:\Users\telebh"/>
    <property name="user.language" value="en"/>
    <property name="java.specification.vendor" value="Oracle Corporation"/>
    <property name="java.version.date" value="2018-10-16"/>
    <property name="java.home" value="C:\jdk-11.0.1_13"/>
    <property name="file.separator" value="\"/>
    <property name="basedir" value="C:\dl-openjdk11\EngineeringVillage\cafe-correction-lambda"/>
    <property name="java.vm.compressedOopsMode" value="32-bit"/>
    <property name="line.separator" value="&#10;"/>
    <property name="java.specification.name" value="Java Platform API Specification"/>
    <property name="java.vm.specification.vendor" value="Oracle Corporation"/>
    <property name="java.awt.graphicsenv" value="sun.awt.Win32GraphicsEnvironment"/>
    <property name="surefire.real.class.path" value="C:\Users\telebh\AppData\Local\Temp\surefire14816965145490986344\surefirebooter7491175233183689504.jar"/>
    <property name="user.script" value=""/>
    <property name="sun.management.compiler" value="HotSpot 64-Bit Tiered Compilers"/>
    <property name="java.runtime.version" value="11.0.1+13"/>
    <property name="user.name" value="TELEBH"/>
    <property name="path.separator" value=";"/>
    <property name="os.version" value="10.0"/>
    <property name="java.runtime.name" value="OpenJDK Runtime Environment"/>
    <property name="file.encoding" value="Cp1252"/>
    <property name="java.vm.name" value="OpenJDK 64-Bit Server VM"/>
    <property name="java.vendor.version" value="AdoptOpenJDK"/>
    <property name="localRepository" value="C:\Users\telebh\.m2\repository"/>
    <property name="java.vendor.url.bug" value="http://bugreport.java.com/bugreport/"/>
    <property name="java.io.tmpdir" value="C:\Users\telebh\AppData\Local\Temp\"/>
    <property name="java.version" value="11.0.1"/>
    <property name="user.dir" value="C:\dl-openjdk11\EngineeringVillage\cafe-correction-lambda"/>
    <property name="os.arch" value="amd64"/>
    <property name="java.vm.specification.name" value="Java Virtual Machine Specification"/>
    <property name="java.awt.printerjob" value="sun.awt.windows.WPrinterJob"/>
    <property name="sun.os.patch.level" value=""/>
    <property name="java.library.path" value="C:\jdk-11.0.1_13\bin;C:\WINDOWS\Sun\Java\bin;C:\WINDOWS\system32;C:\WINDOWS;C:/jdk-11.0.1_13/bin/server;C:/jdk-11.0.1_13/bin;C:\jdk-11.0.1_13\bin;C:\ProgramData\Oracle\Java\javapath;C:\Python27\;C:\Python27\Scripts;C:\WINDOWS\system32;C:\WINDOWS;C:\WINDOWS\System32\Wbem;C:\WINDOWS\System32\WindowsPowerShell\v1.0\;C:\Program Files\TortoiseGit\bin;C:\Program Files\Amazon\AWSCLI\;C:\Program Files\TortoiseSVN\bin;C:\HashiCorp\Vagrant\bin;C:\Program Files\Intel\WiFi\bin\;C:\Program Files\Common Files\Intel\WirelessCommon\;C:\apache-maven-3.6.0\bin;C:\Program Files\Git\cmd;C:\Program Files\nodejs\;C:\Program Files (x86)\Brackets\command;C:\WINDOWS\System32\OpenSSH\;C:\jdk-11.0.1_13\bin;C:\ProgramData\Oracle\Java\javapath;C:\Python27\;C:\Python27\Scripts;C:\WINDOWS\system32;C:\WINDOWS;C:\WINDOWS\System32\Wbem;C:\WINDOWS\System32\WindowsPowerShell\v1.0\;C:\Program Files\TortoiseGit\bin;C:\Program Files\Amazon\AWSCLI\;C:\Program Files\TortoiseSVN\bin;C:\HashiCorp\Vagrant\bin;C:\Program Files\Intel\WiFi\bin\;C:\Program Files\Common Files\Intel\WirelessCommon\;C:\apache-maven-3.6.0\bin;C:\Program Files\Git\cmd;C:\Program Files\nodejs\;C:\Program Files (x86)\Brackets\command;C:\Users\telebh\AppData\Local\Microsoft\WindowsApps;C:\Users\telebh\AppData\Local\Programs\Microsoft VS Code\bin;C:\Users\telebh\AppData\Roaming\npm;C:\Users\telebh\AppData\Local\GitHubDesktop\bin;C:\Users\telebh\AppData\Roaming\npm\;C:\kafka_2.12-2.3.0\bin\windows;;C:\Program Files\JetBrains\IntelliJ IDEA 2019.2.3\bin;;C:\Program Files\JetBrains\IntelliJ IDEA Community Edition 2019.2.3\bin;;C:\Users\telebh\AppData\Local\Microsoft\WindowsApps;C:\WINDOWS\System32;;."/>
    <property name="java.vendor" value="AdoptOpenJDK"/>
    <property name="java.vm.info" value="mixed mode"/>
    <property name="java.vm.version" value="11.0.1+13"/>
    <property name="sun.io.unicode.encoding" value="UnicodeLittle"/>
    <property name="java.class.version" value="55.0"/>
  </properties>
  <testcase name="testApp" classname="org.ei.dataloading.cafe_download_lambda.AppTest" time="0.001"/>
</testsuite>